<?xml version="1.0" encoding="UTF-8"?>
<!-- Generated by org.testng.reporters.JUnitXMLReporter -->
<testsuite ignored="0" hostname="DESKTOP-C5HQ12V" failures="0" tests="1" name="chrome" time="66.561" errors="0" timestamp="2022-05-23T22:40:26 PDT">
  <testcase classname="com.sdet34l1.genericutility.BaseClass" name="@AfterClass afterClassTest" time="0.082">
    <failure type="java.lang.IllegalArgumentException" message="partName">
      <![CDATA[java.lang.IllegalArgumentException: partName
at org.apache.poi.openxml4j.opc.OPCPackage.removePart(OPCPackage.java:974)
at org.apache.poi.openxml4j.opc.PackagePart.getOutputStream(PackagePart.java:531)
at org.apache.poi.ooxml.POIXMLProperties.commit(POIXMLProperties.java:227)
at org.apache.poi.ooxml.POIXMLDocument.write(POIXMLDocument.java:240)
at com.sdet34l1.genericutility.ExcelLibrary.writeDatatoExcel(ExcelLibrary.java:81)
at com.sdet34l1.genericutility.BaseClass.afterClassTest(BaseClass.java:110)
at java.base/java.util.ArrayList.forEach(ArrayList.java:1511)
at java.base/java.util.concurrent.FutureTask.run(FutureTask.java:264)
at java.base/java.util.concurrent.ThreadPoolExecutor.runWorker(ThreadPoolExecutor.java:1130)
at java.base/java.util.concurrent.ThreadPoolExecutor$Worker.run(ThreadPoolExecutor.java:630)
at java.base/java.lang.Thread.run(Thread.java:831)
... Removed 16 stack frames]]>
    </failure>
  </testcase> <!-- @AfterClass afterClassTest -->
  <testcase classname="com.vtiger.organisationTest.CreateOrganisationTest" name="createOrganisationTest" time="24.74"/>
</testsuite> <!-- chrome -->
